\BOOKMARK [1][-]{section.1}{\376\377\000\040\000A\000s\000s\000i\000g\000n\000m\000e\000n\000t\000\040\0001\000\040}{}% 1
\BOOKMARK [2][-]{subsection.1.1}{\376\377\000E\000x\000e\000r\000c\000i\000s\000e\000\040\0001}{section.1}% 2
\BOOKMARK [2][-]{subsection.1.2}{\376\377\000E\000x\000e\000r\000c\000i\000s\000e\000\040\0002}{section.1}% 3
\BOOKMARK [2][-]{subsection.1.3}{\376\377\000E\000x\000e\000r\000c\000i\000s\000e\000\040\0003}{section.1}% 4
\BOOKMARK [2][-]{subsection.1.4}{\376\377\000E\000x\000e\000r\000c\000i\000s\000e\000\040\0004}{section.1}% 5
\BOOKMARK [2][-]{subsection.1.5}{\376\377\000E\000x\000e\000r\000c\000i\000s\000e\000\040\0005}{section.1}% 6
\BOOKMARK [2][-]{subsection.1.6}{\376\377\000E\000x\000e\000r\000c\000i\000s\000e\000\040\0006}{section.1}% 7
\BOOKMARK [1][-]{section.2}{\376\377\000\040\000A\000s\000s\000i\000g\000n\000m\000e\000n\000t\000\040\0002\000\040}{}% 8
\BOOKMARK [2][-]{subsection.2.1}{\376\377\000E\000x\000e\000r\000c\000i\000s\000e\000\040\0001}{section.2}% 9
\BOOKMARK [2][-]{subsection.2.2}{\376\377\000E\000x\000e\000r\000c\000i\000s\000e\000\040\0002}{section.2}% 10
\BOOKMARK [2][-]{subsection.2.3}{\376\377\000E\000x\000e\000r\000c\000i\000s\000e\000\040\0003}{section.2}% 11
\BOOKMARK [2][-]{subsection.2.4}{\376\377\000E\000x\000e\000r\000c\000i\000s\000e\000\040\0004}{section.2}% 12
\BOOKMARK [2][-]{subsection.2.5}{\376\377\000E\000x\000e\000r\000c\000i\000s\000e\000\040\0005}{section.2}% 13
\BOOKMARK [1][-]{section.3}{\376\377\000\040\000A\000s\000s\000i\000g\000n\000m\000e\000n\000t\000\040\0003\000\040}{}% 14
\BOOKMARK [2][-]{subsection.3.1}{\376\377\000E\000x\000e\000r\000c\000i\000s\000e\000\040\0001}{section.3}% 15
\BOOKMARK [2][-]{subsection.3.2}{\376\377\000E\000x\000e\000r\000c\000i\000s\000e\000\040\0002}{section.3}% 16
\BOOKMARK [2][-]{subsection.3.3}{\376\377\000E\000x\000e\000r\000c\000i\000s\000e\000\040\0003}{section.3}% 17
\BOOKMARK [2][-]{subsection.3.4}{\376\377\000E\000x\000e\000r\000c\000i\000s\000e\000\040\0004}{section.3}% 18
\BOOKMARK [2][-]{subsection.3.5}{\376\377\000E\000x\000e\000r\000c\000i\000s\000e\000\040\0005}{section.3}% 19
\BOOKMARK [2][-]{subsection.3.6}{\376\377\000E\000x\000e\000r\000c\000i\000s\000e\000\040\0006}{section.3}% 20
\BOOKMARK [1][-]{section.4}{\376\377\000\040\000A\000s\000s\000i\000g\000n\000m\000e\000n\000t\000\040\0004\000\040\000\050\000p\000a\000r\000t\000i\000a\000l\000\051\000\040}{}% 21
\BOOKMARK [2][-]{subsection.4.1}{\376\377\000E\000x\000e\000r\000c\000i\000s\000e\000\040\0001}{section.4}% 22
\BOOKMARK [2][-]{subsection.4.2}{\376\377\000E\000x\000e\000r\000c\000i\000s\000e\000\040\0002}{section.4}% 23
\BOOKMARK [1][-]{section.5}{\376\377\000\040\000A\000s\000s\000i\000g\000n\000m\000e\000n\000t\000\040\0005\000\040}{}% 24
\BOOKMARK [2][-]{subsection.5.1}{\376\377\000E\000x\000e\000r\000c\000i\000s\000e\000\040\0001}{section.5}% 25
\BOOKMARK [2][-]{subsection.5.2}{\376\377\000E\000x\000e\000r\000c\000i\000s\000e\000\040\0002}{section.5}% 26
\BOOKMARK [2][-]{subsection.5.3}{\376\377\000E\000x\000e\000r\000c\000i\000s\000e\000\040\0003}{section.5}% 27
\BOOKMARK [2][-]{subsection.5.4}{\376\377\000E\000x\000e\000r\000c\000i\000s\000e\000\040\0004}{section.5}% 28
\BOOKMARK [2][-]{subsection.5.5}{\376\377\000E\000x\000e\000r\000c\000i\000s\000e\000\040\0005}{section.5}% 29
\BOOKMARK [1][-]{section.6}{\376\377\000\040\000A\000s\000s\000i\000g\000n\000m\000e\000n\000t\000\040\0006\000\040\000\050\000P\000a\000r\000t\000i\000a\000l\000\051\000\040}{}% 30
\BOOKMARK [2][-]{subsection.6.1}{\376\377\000\040\000E\000x\000e\000r\000c\000i\000s\000e\000\040\0001}{section.6}% 31
\BOOKMARK [2][-]{subsection.6.2}{\376\377\000\040\000E\000x\000e\000r\000c\000i\000s\000e\000\040\0003}{section.6}% 32
